<?xml version="1.0" encoding="UTF-8"?>
<coverage generated="1678481216787" clover="3.2.0">
  <project timestamp="1678481216787" name="All files">
    <metrics statements="247" coveredstatements="230" conditionals="47" coveredconditionals="32" methods="80" coveredmethods="74" elements="374" coveredelements="336" complexity="0" loc="247" ncloc="247" packages="2" files="10" classes="10"/>
    <package name="src">
      <metrics statements="236" coveredstatements="219" conditionals="47" coveredconditionals="32" methods="76" coveredmethods="70"/>
      <file name="abstract-catalog.ts" path="/srv/src/abstract-catalog.ts">
        <metrics statements="7" coveredstatements="7" conditionals="1" coveredconditionals="0" methods="6" coveredmethods="6"/>
        <line num="3" count="4" type="stmt"/>
        <line num="8" count="46" type="stmt"/>
        <line num="9" count="46" type="stmt"/>
        <line num="13" count="71" type="stmt"/>
        <line num="17" count="197" type="stmt"/>
        <line num="21" count="144" type="stmt"/>
        <line num="31" count="18" type="stmt"/>
      </file>
      <file name="catalog-awaiter.tsx" path="/srv/src/catalog-awaiter.tsx">
        <metrics statements="17" coveredstatements="6" conditionals="5" coveredconditionals="0" methods="3" coveredmethods="0"/>
        <line num="1" count="4" type="stmt"/>
        <line num="2" count="4" type="stmt"/>
        <line num="3" count="4" type="stmt"/>
        <line num="4" count="4" type="stmt"/>
        <line num="14" count="4" type="stmt"/>
        <line num="19" count="0" type="stmt"/>
        <line num="21" count="0" type="stmt"/>
        <line num="25" count="0" type="cond" truecount="0" falsecount="1"/>
        <line num="26" count="0" type="cond" truecount="0" falsecount="2"/>
        <line num="28" count="0" type="stmt"/>
        <line num="29" count="0" type="cond" truecount="0" falsecount="1"/>
        <line num="30" count="0" type="stmt"/>
        <line num="35" count="0" type="stmt"/>
        <line num="43" count="0" type="cond" truecount="0" falsecount="1"/>
        <line num="44" count="0" type="stmt"/>
        <line num="47" count="0" type="stmt"/>
        <line num="51" count="4" type="stmt"/>
      </file>
      <file name="catalog.ts" path="/srv/src/catalog.ts">
        <metrics statements="4" coveredstatements="4" conditionals="0" coveredconditionals="0" methods="0" coveredmethods="0"/>
        <line num="20" count="4" type="stmt"/>
        <line num="21" count="4" type="stmt"/>
        <line num="22" count="4" type="stmt"/>
        <line num="23" count="4" type="stmt"/>
      </file>
      <file name="index.ts" path="/srv/src/index.ts">
        <metrics statements="14" coveredstatements="14" conditionals="0" coveredconditionals="0" methods="4" coveredmethods="4"/>
        <line num="1" count="4" type="stmt"/>
        <line num="3" count="4" type="stmt"/>
        <line num="4" count="4" type="stmt"/>
        <line num="5" count="4" type="stmt"/>
        <line num="6" count="4" type="stmt"/>
        <line num="7" count="4" type="stmt"/>
        <line num="8" count="4" type="stmt"/>
        <line num="12" count="4" type="stmt"/>
        <line num="13" count="4" type="stmt"/>
        <line num="14" count="8" type="stmt"/>
        <line num="15" count="4" type="stmt"/>
        <line num="16" count="11" type="stmt"/>
        <line num="17" count="23" type="stmt"/>
        <line num="18" count="31" type="stmt"/>
      </file>
      <file name="locale-store.ts" path="/srv/src/locale-store.ts">
        <metrics statements="71" coveredstatements="71" conditionals="10" coveredconditionals="10" methods="24" coveredmethods="24"/>
        <line num="2" count="4" type="stmt"/>
        <line num="3" count="4" type="stmt"/>
        <line num="4" count="4" type="stmt"/>
        <line num="6" count="4" type="stmt"/>
        <line num="7" count="4" type="stmt"/>
        <line num="8" count="4" type="stmt"/>
        <line num="9" count="4" type="stmt"/>
        <line num="11" count="4" type="stmt"/>
        <line num="14" count="4" type="stmt"/>
        <line num="25" count="4" type="stmt"/>
        <line num="26" count="9" type="cond" truecount="1" falsecount="0"/>
        <line num="27" count="9" type="stmt"/>
        <line num="33" count="51" type="stmt"/>
        <line num="37" count="10" type="stmt"/>
        <line num="41" count="9" type="stmt"/>
        <line num="45" count="27" type="stmt"/>
        <line num="46" count="27" type="stmt"/>
        <line num="47" count="27" type="cond" truecount="2" falsecount="0"/>
        <line num="48" count="26" type="stmt"/>
        <line num="49" count="25" type="stmt"/>
        <line num="51" count="1" type="stmt"/>
        <line num="54" count="1" type="stmt"/>
        <line num="60" count="8" type="stmt"/>
        <line num="61" count="8" type="stmt"/>
        <line num="63" count="8" type="cond" truecount="1" falsecount="0"/>
        <line num="64" count="1" type="stmt"/>
        <line num="67" count="7" type="stmt"/>
        <line num="69" count="7" type="stmt"/>
        <line num="70" count="5" type="stmt"/>
        <line num="71" count="5" type="stmt"/>
        <line num="72" count="5" type="stmt"/>
        <line num="73" count="5" type="stmt"/>
        <line num="76" count="5" type="stmt"/>
        <line num="78" count="2" type="stmt"/>
        <line num="79" count="2" type="stmt"/>
        <line num="85" count="88" type="stmt"/>
        <line num="86" count="145" type="cond" truecount="1" falsecount="0"/>
        <line num="87" count="74" type="stmt"/>
        <line num="91" count="14" type="stmt"/>
        <line num="95" count="30" type="stmt"/>
        <line num="96" count="30" type="cond" truecount="1" falsecount="0"/>
        <line num="97" count="29" type="stmt"/>
        <line num="100" count="1" type="stmt"/>
        <line num="104" count="14" type="stmt"/>
        <line num="105" count="14" type="cond" truecount="1" falsecount="0"/>
        <line num="106" count="12" type="stmt"/>
        <line num="109" count="2" type="stmt"/>
        <line num="113" count="5" type="stmt"/>
        <line num="117" count="5" type="stmt"/>
        <line num="119" count="5" type="stmt"/>
        <line num="120" count="23" type="stmt"/>
        <line num="122" count="23" type="stmt"/>
        <line num="124" count="23" type="stmt"/>
        <line num="125" count="24" type="cond" truecount="1" falsecount="0"/>
        <line num="126" count="2" type="stmt"/>
        <line num="130" count="23" type="cond" truecount="1" falsecount="0"/>
        <line num="131" count="21" type="stmt"/>
        <line num="135" count="5" type="stmt"/>
        <line num="139" count="2" type="stmt"/>
        <line num="143" count="3" type="stmt"/>
        <line num="150" count="3" type="stmt"/>
        <line num="151" count="6" type="stmt"/>
        <line num="154" count="3" type="stmt"/>
        <line num="158" count="1" type="stmt"/>
        <line num="159" count="1" type="stmt"/>
        <line num="160" count="1" type="stmt"/>
        <line num="161" count="1" type="stmt"/>
        <line num="164" count="1" type="stmt"/>
        <line num="165" count="2" type="stmt"/>
        <line num="166" count="4" type="cond" truecount="1" falsecount="0"/>
        <line num="167" count="2" type="stmt"/>
      </file>
      <file name="mobx-intl-provider.tsx" path="/srv/src/mobx-intl-provider.tsx">
        <metrics statements="14" coveredstatements="8" conditionals="9" coveredconditionals="0" methods="3" coveredmethods="0"/>
        <line num="1" count="4" type="stmt"/>
        <line num="2" count="4" type="stmt"/>
        <line num="3" count="4" type="stmt"/>
        <line num="4" count="4" type="stmt"/>
        <line num="5" count="4" type="stmt"/>
        <line num="6" count="4" type="stmt"/>
        <line num="15" count="4" type="stmt"/>
        <line num="20" count="0" type="stmt"/>
        <line num="22" count="0" type="stmt"/>
        <line num="27" count="0" type="stmt"/>
        <line num="29" count="0" type="cond" truecount="0" falsecount="1"/>
        <line num="30" count="0" type="stmt"/>
        <line num="33" count="0" type="stmt"/>
        <line num="47" count="4" type="stmt"/>
      </file>
      <file name="multiple-catalog.ts" path="/srv/src/multiple-catalog.ts">
        <metrics statements="71" coveredstatements="71" conditionals="12" coveredconditionals="12" methods="21" coveredmethods="21"/>
        <line num="1" count="4" type="stmt"/>
        <line num="2" count="4" type="stmt"/>
        <line num="4" count="4" type="stmt"/>
        <line num="8" count="16" type="stmt"/>
        <line num="11" count="16" type="stmt"/>
        <line num="22" count="16" type="stmt"/>
        <line num="23" count="16" type="stmt"/>
        <line num="25" count="16" type="stmt"/>
        <line num="29" count="39" type="stmt"/>
        <line num="30" count="39" type="cond" truecount="2" falsecount="0"/>
        <line num="31" count="38" type="stmt"/>
        <line num="33" count="38" type="cond" truecount="2" falsecount="0"/>
        <line num="34" count="6" type="stmt"/>
        <line num="35" count="4" type="stmt"/>
        <line num="36" count="4" type="stmt"/>
        <line num="38" count="2" type="stmt"/>
        <line num="39" count="2" type="stmt"/>
        <line num="42" count="32" type="stmt"/>
        <line num="45" count="38" type="stmt"/>
        <line num="47" count="38" type="cond" truecount="1" falsecount="0"/>
        <line num="48" count="1" type="stmt"/>
        <line num="51" count="1" type="stmt"/>
        <line num="57" count="31" type="stmt"/>
        <line num="59" count="31" type="stmt"/>
        <line num="60" count="140" type="cond" truecount="1" falsecount="0"/>
        <line num="61" count="33" type="stmt"/>
        <line num="65" count="31" type="stmt"/>
        <line num="69" count="161" type="stmt"/>
        <line num="73" count="11" type="stmt"/>
        <line num="75" count="11" type="stmt"/>
        <line num="76" count="24" type="stmt"/>
        <line num="79" count="11" type="stmt"/>
        <line num="83" count="17" type="stmt"/>
        <line num="85" count="17" type="stmt"/>
        <line num="86" count="52" type="stmt"/>
        <line num="89" count="52" type="stmt"/>
        <line num="93" count="2" type="stmt"/>
        <line num="97" count="13" type="stmt"/>
        <line num="98" count="13" type="stmt"/>
        <line num="99" count="13" type="cond" truecount="2" falsecount="0"/>
        <line num="100" count="11" type="stmt"/>
        <line num="101" count="11" type="stmt"/>
        <line num="102" count="11" type="stmt"/>
        <line num="104" count="11" type="stmt"/>
        <line num="105" count="24" type="cond" truecount="1" falsecount="0"/>
        <line num="106" count="9" type="stmt"/>
        <line num="110" count="11" type="stmt"/>
        <line num="111" count="7" type="stmt"/>
        <line num="112" count="7" type="stmt"/>
        <line num="114" count="4" type="stmt"/>
        <line num="115" count="4" type="stmt"/>
        <line num="118" count="2" type="stmt"/>
        <line num="119" count="2" type="stmt"/>
        <line num="121" count="2" type="stmt"/>
        <line num="127" count="59" type="cond" truecount="1" falsecount="0"/>
        <line num="128" count="36" type="stmt"/>
        <line num="131" count="23" type="stmt"/>
        <line num="132" count="52" type="cond" truecount="1" falsecount="0"/>
        <line num="133" count="13" type="stmt"/>
        <line num="134" count="13" type="stmt"/>
        <line num="138" count="10" type="stmt"/>
        <line num="142" count="8" type="stmt"/>
        <line num="147" count="8" type="stmt"/>
        <line num="148" count="25" type="stmt"/>
        <line num="151" count="8" type="stmt"/>
        <line num="155" count="4" type="stmt"/>
        <line num="156" count="4" type="stmt"/>
        <line num="159" count="4" type="stmt"/>
        <line num="160" count="11" type="cond" truecount="1" falsecount="0"/>
        <line num="161" count="11" type="stmt"/>
        <line num="164" count="4" type="stmt"/>
      </file>
      <file name="remote-catalog.ts" path="/srv/src/remote-catalog.ts">
        <metrics statements="31" coveredstatements="31" conditionals="9" coveredconditionals="9" methods="11" coveredmethods="11"/>
        <line num="2" count="4" type="stmt"/>
        <line num="3" count="4" type="stmt"/>
        <line num="4" count="4" type="stmt"/>
        <line num="6" count="4" type="stmt"/>
        <line num="7" count="19" type="stmt"/>
        <line num="8" count="19" type="stmt"/>
        <line num="12" count="19" type="stmt"/>
        <line num="14" count="19" type="stmt"/>
        <line num="20" count="19" type="stmt"/>
        <line num="24" count="17" type="stmt"/>
        <line num="25" count="17" type="cond" truecount="2" falsecount="0"/>
        <line num="26" count="15" type="stmt"/>
        <line num="28" count="30" type="cond" truecount="2" falsecount="0"/>
        <line num="29" count="15" type="cond" truecount="2" falsecount="0"/>
        <line num="30" count="9" type="stmt"/>
        <line num="32" count="9" type="stmt"/>
        <line num="33" count="9" type="stmt"/>
        <line num="35" count="9" type="stmt"/>
        <line num="37" count="6" type="stmt"/>
        <line num="38" count="6" type="stmt"/>
        <line num="40" count="6" type="stmt"/>
        <line num="44" count="15" type="stmt"/>
        <line num="45" count="15" type="stmt"/>
        <line num="48" count="2" type="stmt"/>
        <line num="54" count="10" type="cond" truecount="1" falsecount="0"/>
        <line num="55" count="4" type="stmt"/>
        <line num="60" count="6" type="stmt"/>
        <line num="64" count="5" type="stmt"/>
        <line num="65" count="5" type="cond" truecount="1" falsecount="0"/>
        <line num="66" count="3" type="stmt"/>
        <line num="67" count="3" type="stmt"/>
      </file>
      <file name="simple-catalog.ts" path="/srv/src/simple-catalog.ts">
        <metrics statements="7" coveredstatements="7" conditionals="1" coveredconditionals="1" methods="4" coveredmethods="4"/>
        <line num="2" count="4" type="stmt"/>
        <line num="4" count="4" type="stmt"/>
        <line num="8" count="27" type="stmt"/>
        <line num="9" count="27" type="stmt"/>
        <line num="13" count="16" type="stmt"/>
        <line num="17" count="62" type="stmt"/>
        <line num="21" count="3" type="stmt"/>
      </file>
    </package>
    <package name="test">
      <metrics statements="11" coveredstatements="11" conditionals="0" coveredconditionals="0" methods="4" coveredmethods="4"/>
      <file name="server.ts" path="/srv/test/server.ts">
        <metrics statements="11" coveredstatements="11" conditionals="0" coveredconditionals="0" methods="4" coveredmethods="4"/>
        <line num="1" count="3" type="stmt"/>
        <line num="3" count="3" type="stmt"/>
        <line num="5" count="3" type="stmt"/>
        <line num="6" count="4" type="stmt"/>
        <line num="9" count="3" type="stmt"/>
        <line num="10" count="6" type="stmt"/>
        <line num="13" count="3" type="stmt"/>
        <line num="14" count="2" type="stmt"/>
        <line num="17" count="3" type="stmt"/>
        <line num="18" count="3" type="stmt"/>
        <line num="21" count="3" type="stmt"/>
      </file>
    </package>
  </project>
</coverage>
