{"/srv/src/abstract-catalog.ts": {"path":"/srv/src/abstract-catalog.ts","statementMap":{"0":{"start":{"line":8,"column":8},"end":{"line":8,"column":null}},"1":{"start":{"line":9,"column":8},"end":{"line":9,"column":null}},"2":{"start":{"line":13,"column":8},"end":{"line":13,"column":null}},"3":{"start":{"line":17,"column":8},"end":{"line":17,"column":null}},"4":{"start":{"line":21,"column":8},"end":{"line":21,"column":null}},"5":{"start":{"line":31,"column":8},"end":{"line":31,"column":null}},"6":{"start":{"line":3,"column":0},"end":{"line":3,"column":22}}},"fnMap":{"0":{"name":"(anonymous_0)","decl":{"start":{"line":7,"column":4},"end":{"line":7,"column":17}},"loc":{"start":{"line":7,"column":64},"end":{"line":10,"column":5}}},"1":{"name":"(anonymous_1)","decl":{"start":{"line":12,"column":4},"end":{"line":12,"column":8}},"loc":{"start":{"line":12,"column":14},"end":{"line":14,"column":5}}},"2":{"name":"(anonymous_2)","decl":{"start":{"line":16,"column":4},"end":{"line":16,"column":8}},"loc":{"start":{"line":16,"column":15},"end":{"line":18,"column":5}}},"3":{"name":"(anonymous_3)","decl":{"start":{"line":20,"column":4},"end":{"line":20,"column":13}},"loc":{"start":{"line":20,"column":29},"end":{"line":22,"column":5}}},"4":{"name":"(anonymous_4)","decl":{"start":{"line":30,"column":4},"end":{"line":30,"column":13}},"loc":{"start":{"line":30,"column":13},"end":{"line":32,"column":5}}},"5":{"name":"(anonymous_5)","decl":{"start":{"line":34,"column":4},"end":{"line":34,"column":15}},"loc":{"start":{"line":34,"column":39},"end":{"line":36,"column":5}}}},"branchMap":{"0":{"loc":{"start":{"line":7,"column":33},"end":{"line":7,"column":64}},"type":"default-arg","locations":[{"start":{"line":7,"column":53},"end":{"line":7,"column":64}}]}},"s":{"0":46,"1":46,"2":71,"3":197,"4":144,"5":18,"6":4},"f":{"0":46,"1":71,"2":197,"3":144,"4":18,"5":7},"b":{"0":[0]}}
,"/srv/src/catalog-awaiter.tsx": {"path":"/srv/src/catalog-awaiter.tsx","statementMap":{"0":{"start":{"line":1,"column":0},"end":{"line":1,"column":30}},"1":{"start":{"line":2,"column":0},"end":{"line":2,"column":37}},"2":{"start":{"line":3,"column":0},"end":{"line":3,"column":44}},"3":{"start":{"line":4,"column":0},"end":{"line":4,"column":42}},"4":{"start":{"line":19,"column":8},"end":{"line":19,"column":null}},"5":{"start":{"line":21,"column":8},"end":{"line":21,"column":null}},"6":{"start":{"line":25,"column":8},"end":{"line":33,"column":null}},"7":{"start":{"line":26,"column":28},"end":{"line":26,"column":107}},"8":{"start":{"line":28,"column":12},"end":{"line":32,"column":null}},"9":{"start":{"line":29,"column":16},"end":{"line":31,"column":null}},"10":{"start":{"line":30,"column":20},"end":{"line":30,"column":null}},"11":{"start":{"line":35,"column":8},"end":{"line":39,"column":null}},"12":{"start":{"line":43,"column":8},"end":{"line":45,"column":null}},"13":{"start":{"line":44,"column":12},"end":{"line":44,"column":null}},"14":{"start":{"line":47,"column":8},"end":{"line":47,"column":null}},"15":{"start":{"line":14,"column":0},"end":{"line":14,"column":13}},"16":{"start":{"line":51,"column":0},"end":{"line":51,"column":null}}},"fnMap":{"0":{"name":"(anonymous_6)","decl":{"start":{"line":18,"column":4},"end":{"line":18,"column":16}},"loc":{"start":{"line":18,"column":28},"end":{"line":22,"column":5}}},"1":{"name":"(anonymous_7)","decl":{"start":{"line":24,"column":4},"end":{"line":24,"column":10}},"loc":{"start":{"line":24,"column":10},"end":{"line":40,"column":5}}},"2":{"name":"(anonymous_8)","decl":{"start":{"line":42,"column":4},"end":{"line":42,"column":8}},"loc":{"start":{"line":42,"column":16},"end":{"line":48,"column":5}}}},"branchMap":{"0":{"loc":{"start":{"line":25,"column":8},"end":{"line":33,"column":null}},"type":"if","locations":[{"start":{"line":25,"column":8},"end":{"line":33,"column":null}}]},"1":{"loc":{"start":{"line":26,"column":28},"end":{"line":26,"column":107}},"type":"cond-expr","locations":[{"start":{"line":26,"column":68},"end":{"line":26,"column":87}},{"start":{"line":26,"column":90},"end":{"line":26,"column":107}}]},"2":{"loc":{"start":{"line":29,"column":16},"end":{"line":31,"column":null}},"type":"if","locations":[{"start":{"line":29,"column":16},"end":{"line":31,"column":null}}]},"3":{"loc":{"start":{"line":43,"column":8},"end":{"line":45,"column":null}},"type":"if","locations":[{"start":{"line":43,"column":8},"end":{"line":45,"column":null}}]}},"s":{"0":4,"1":4,"2":4,"3":4,"4":0,"5":0,"6":0,"7":0,"8":0,"9":0,"10":0,"11":0,"12":0,"13":0,"14":0,"15":4,"16":4},"f":{"0":0,"1":0,"2":0},"b":{"0":[0],"1":[0,0],"2":[0],"3":[0]}}
,"/srv/src/catalog.ts": {"path":"/srv/src/catalog.ts","statementMap":{"0":{"start":{"line":20,"column":0},"end":{"line":20,"column":13}},"1":{"start":{"line":21,"column":0},"end":{"line":21,"column":13}},"2":{"start":{"line":22,"column":0},"end":{"line":22,"column":13}},"3":{"start":{"line":23,"column":0},"end":{"line":23,"column":13}}},"fnMap":{},"branchMap":{},"s":{"0":4,"1":4,"2":4,"3":4},"f":{},"b":{}}
,"/srv/src/index.ts": {"path":"/srv/src/index.ts","statementMap":{"0":{"start":{"line":1,"column":0},"end":{"line":1,"column":45}},"1":{"start":{"line":13,"column":4},"end":{"line":13,"column":20}},"2":{"start":{"line":3,"column":0},"end":{"line":3,"column":7}},"3":{"start":{"line":12,"column":4},"end":{"line":3,"column":46}},"4":{"start":{"line":4,"column":0},"end":{"line":4,"column":9}},"5":{"start":{"line":14,"column":4},"end":{"line":4,"column":44}},"6":{"start":{"line":5,"column":0},"end":{"line":5,"column":7}},"7":{"start":{"line":15,"column":4},"end":{"line":5,"column":51}},"8":{"start":{"line":6,"column":0},"end":{"line":6,"column":9}},"9":{"start":{"line":16,"column":4},"end":{"line":6,"column":52}},"10":{"start":{"line":7,"column":0},"end":{"line":7,"column":9}},"11":{"start":{"line":17,"column":4},"end":{"line":7,"column":48}},"12":{"start":{"line":8,"column":0},"end":{"line":8,"column":9}},"13":{"start":{"line":18,"column":4},"end":{"line":8,"column":48}}},"fnMap":{"0":{"name":"(anonymous_7)","decl":{"start":{"line":14,"column":4},"end":{"line":14,"column":15}},"loc":{"start":{"line":14,"column":4},"end":{"line":4,"column":44}}},"1":{"name":"(anonymous_8)","decl":{"start":{"line":16,"column":4},"end":{"line":16,"column":19}},"loc":{"start":{"line":16,"column":4},"end":{"line":6,"column":52}}},"2":{"name":"(anonymous_9)","decl":{"start":{"line":17,"column":4},"end":{"line":17,"column":17}},"loc":{"start":{"line":17,"column":4},"end":{"line":7,"column":48}}},"3":{"name":"(anonymous_10)","decl":{"start":{"line":18,"column":4},"end":{"line":18,"column":17}},"loc":{"start":{"line":18,"column":4},"end":{"line":8,"column":48}}}},"branchMap":{},"s":{"0":4,"1":4,"2":4,"3":4,"4":4,"5":8,"6":4,"7":4,"8":4,"9":11,"10":4,"11":23,"12":4,"13":31},"f":{"0":4,"1":7,"2":19,"3":27},"b":{}}
,"/srv/src/locale-store.ts": {"path":"/srv/src/locale-store.ts","statementMap":{"0":{"start":{"line":2,"column":0},"end":{"line":2,"column":82}},"1":{"start":{"line":3,"column":0},"end":{"line":3,"column":129}},"2":{"start":{"line":4,"column":0},"end":{"line":4,"column":79}},"3":{"start":{"line":7,"column":37},"end":{"line":7,"column":46}},"4":{"start":{"line":8,"column":30},"end":{"line":8,"column":32}},"5":{"start":{"line":9,"column":41},"end":{"line":9,"column":43}},"6":{"start":{"line":11,"column":34},"end":{"line":11,"column":36}},"7":{"start":{"line":14,"column":8},"end":{"line":23,"column":null}},"8":{"start":{"line":25,"column":8},"end":{"line":29,"column":null}},"9":{"start":{"line":26,"column":12},"end":{"line":28,"column":null}},"10":{"start":{"line":27,"column":16},"end":{"line":27,"column":null}},"11":{"start":{"line":33,"column":8},"end":{"line":33,"column":null}},"12":{"start":{"line":37,"column":8},"end":{"line":37,"column":null}},"13":{"start":{"line":41,"column":8},"end":{"line":41,"column":null}},"14":{"start":{"line":45,"column":8},"end":{"line":56,"column":null}},"15":{"start":{"line":46,"column":23},"end":{"line":46,"column":54}},"16":{"start":{"line":47,"column":12},"end":{"line":55,"column":null}},"17":{"start":{"line":48,"column":16},"end":{"line":52,"column":null}},"18":{"start":{"line":49,"column":20},"end":{"line":49,"column":null}},"19":{"start":{"line":51,"column":20},"end":{"line":51,"column":null}},"20":{"start":{"line":54,"column":16},"end":{"line":54,"column":null}},"21":{"start":{"line":60,"column":8},"end":{"line":81,"column":null}},"22":{"start":{"line":61,"column":28},"end":{"line":61,"column":51}},"23":{"start":{"line":63,"column":12},"end":{"line":65,"column":null}},"24":{"start":{"line":64,"column":16},"end":{"line":64,"column":null}},"25":{"start":{"line":67,"column":12},"end":{"line":67,"column":null}},"26":{"start":{"line":67,"column":25},"end":{"line":67,"column":50}},"27":{"start":{"line":69,"column":12},"end":{"line":80,"column":null}},"28":{"start":{"line":70,"column":16},"end":{"line":74,"column":null}},"29":{"start":{"line":71,"column":20},"end":{"line":71,"column":null}},"30":{"start":{"line":72,"column":20},"end":{"line":72,"column":null}},"31":{"start":{"line":73,"column":20},"end":{"line":73,"column":null}},"32":{"start":{"line":76,"column":16},"end":{"line":76,"column":null}},"33":{"start":{"line":78,"column":16},"end":{"line":78,"column":null}},"34":{"start":{"line":78,"column":29},"end":{"line":78,"column":51}},"35":{"start":{"line":79,"column":16},"end":{"line":79,"column":null}},"36":{"start":{"line":85,"column":8},"end":{"line":89,"column":null}},"37":{"start":{"line":86,"column":12},"end":{"line":88,"column":null}},"38":{"start":{"line":87,"column":16},"end":{"line":87,"column":null}},"39":{"start":{"line":91,"column":8},"end":{"line":91,"column":null}},"40":{"start":{"line":95,"column":19},"end":{"line":95,"column":47}},"41":{"start":{"line":96,"column":8},"end":{"line":98,"column":null}},"42":{"start":{"line":97,"column":12},"end":{"line":97,"column":null}},"43":{"start":{"line":100,"column":8},"end":{"line":100,"column":null}},"44":{"start":{"line":104,"column":19},"end":{"line":104,"column":47}},"45":{"start":{"line":105,"column":8},"end":{"line":107,"column":null}},"46":{"start":{"line":106,"column":12},"end":{"line":106,"column":null}},"47":{"start":{"line":109,"column":8},"end":{"line":109,"column":null}},"48":{"start":{"line":113,"column":8},"end":{"line":113,"column":null}},"49":{"start":{"line":117,"column":40},"end":{"line":117,"column":42}},"50":{"start":{"line":119,"column":8},"end":{"line":133,"column":null}},"51":{"start":{"line":120,"column":29},"end":{"line":120,"column":61}},"52":{"start":{"line":122,"column":24},"end":{"line":122,"column":28}},"53":{"start":{"line":124,"column":12},"end":{"line":128,"column":null}},"54":{"start":{"line":125,"column":16},"end":{"line":127,"column":null}},"55":{"start":{"line":126,"column":20},"end":{"line":126,"column":null}},"56":{"start":{"line":130,"column":12},"end":{"line":132,"column":null}},"57":{"start":{"line":131,"column":16},"end":{"line":131,"column":null}},"58":{"start":{"line":135,"column":8},"end":{"line":135,"column":null}},"59":{"start":{"line":139,"column":8},"end":{"line":139,"column":null}},"60":{"start":{"line":143,"column":21},"end":{"line":148,"column":10}},"61":{"start":{"line":150,"column":8},"end":{"line":152,"column":null}},"62":{"start":{"line":151,"column":12},"end":{"line":151,"column":null}},"63":{"start":{"line":154,"column":8},"end":{"line":154,"column":null}},"64":{"start":{"line":158,"column":8},"end":{"line":162,"column":null}},"65":{"start":{"line":159,"column":12},"end":{"line":159,"column":null}},"66":{"start":{"line":160,"column":12},"end":{"line":160,"column":null}},"67":{"start":{"line":161,"column":12},"end":{"line":161,"column":null}},"68":{"start":{"line":164,"column":8},"end":{"line":170,"column":null}},"69":{"start":{"line":165,"column":12},"end":{"line":169,"column":null}},"70":{"start":{"line":166,"column":16},"end":{"line":168,"column":null}},"71":{"start":{"line":167,"column":20},"end":{"line":167,"column":null}},"72":{"start":{"line":6,"column":0},"end":{"line":6,"column":13}}},"fnMap":{"0":{"name":"(anonymous_0)","decl":{"start":{"line":13,"column":4},"end":{"line":13,"column":17}},"loc":{"start":{"line":13,"column":34},"end":{"line":30,"column":5}}},"1":{"name":"(anonymous_1)","decl":{"start":{"line":32,"column":4},"end":{"line":32,"column":8}},"loc":{"start":{"line":32,"column":14},"end":{"line":34,"column":5}}},"2":{"name":"(anonymous_2)","decl":{"start":{"line":36,"column":4},"end":{"line":36,"column":8}},"loc":{"start":{"line":36,"column":14},"end":{"line":38,"column":5}}},"3":{"name":"(anonymous_3)","decl":{"start":{"line":40,"column":4},"end":{"line":40,"column":8}},"loc":{"start":{"line":40,"column":16},"end":{"line":42,"column":5}}},"4":{"name":"(anonymous_4)","decl":{"start":{"line":44,"column":4},"end":{"line":44,"column":14}},"loc":{"start":{"line":44,"column":32},"end":{"line":57,"column":5}}},"5":{"name":"(anonymous_5)","decl":{"start":{"line":45,"column":33},"end":{"line":45,"column":34}},"loc":{"start":{"line":45,"column":53},"end":{"line":56,"column":9}}},"6":{"name":"(anonymous_6)","decl":{"start":{"line":48,"column":44},"end":{"line":48,"column":47}},"loc":{"start":{"line":48,"column":49},"end":{"line":50,"column":17}}},"7":{"name":"(anonymous_7)","decl":{"start":{"line":50,"column":25},"end":{"line":50,"column":28}},"loc":{"start":{"line":50,"column":30},"end":{"line":52,"column":17}}},"8":{"name":"(anonymous_8)","decl":{"start":{"line":59,"column":4},"end":{"line":59,"column":16}},"loc":{"start":{"line":59,"column":32},"end":{"line":82,"column":5}}},"9":{"name":"(anonymous_9)","decl":{"start":{"line":60,"column":33},"end":{"line":60,"column":34}},"loc":{"start":{"line":60,"column":53},"end":{"line":81,"column":9}}},"10":{"name":"(anonymous_10)","decl":{"start":{"line":67,"column":19},"end":{"line":67,"column":22}},"loc":{"start":{"line":67,"column":25},"end":{"line":67,"column":50}}},"11":{"name":"(anonymous_11)","decl":{"start":{"line":69,"column":35},"end":{"line":69,"column":38}},"loc":{"start":{"line":69,"column":40},"end":{"line":77,"column":13}}},"12":{"name":"(anonymous_12)","decl":{"start":{"line":70,"column":23},"end":{"line":70,"column":26}},"loc":{"start":{"line":70,"column":28},"end":{"line":74,"column":17}}},"13":{"name":"(anonymous_13)","decl":{"start":{"line":77,"column":21},"end":{"line":77,"column":24}},"loc":{"start":{"line":77,"column":26},"end":{"line":80,"column":13}}},"14":{"name":"(anonymous_14)","decl":{"start":{"line":78,"column":23},"end":{"line":78,"column":26}},"loc":{"start":{"line":78,"column":29},"end":{"line":78,"column":51}}},"15":{"name":"(anonymous_15)","decl":{"start":{"line":84,"column":4},"end":{"line":84,"column":14}},"loc":{"start":{"line":84,"column":30},"end":{"line":92,"column":5}}},"16":{"name":"(anonymous_16)","decl":{"start":{"line":94,"column":4},"end":{"line":94,"column":23}},"loc":{"start":{"line":94,"column":39},"end":{"line":101,"column":5}}},"17":{"name":"(anonymous_17)","decl":{"start":{"line":103,"column":4},"end":{"line":103,"column":8}},"loc":{"start":{"line":103,"column":15},"end":{"line":110,"column":5}}},"18":{"name":"(anonymous_18)","decl":{"start":{"line":112,"column":4},"end":{"line":112,"column":13}},"loc":{"start":{"line":112,"column":29},"end":{"line":114,"column":5}}},"19":{"name":"(anonymous_19)","decl":{"start":{"line":116,"column":4},"end":{"line":116,"column":8}},"loc":{"start":{"line":116,"column":21},"end":{"line":136,"column":5}}},"20":{"name":"(anonymous_20)","decl":{"start":{"line":138,"column":4},"end":{"line":138,"column":19}},"loc":{"start":{"line":138,"column":35},"end":{"line":140,"column":5}}},"21":{"name":"(anonymous_21)","decl":{"start":{"line":142,"column":4},"end":{"line":142,"column":13}},"loc":{"start":{"line":142,"column":13},"end":{"line":155,"column":5}}},"22":{"name":"(anonymous_22)","decl":{"start":{"line":157,"column":4},"end":{"line":157,"column":15}},"loc":{"start":{"line":157,"column":44},"end":{"line":171,"column":5}}},"23":{"name":"(anonymous_23)","decl":{"start":{"line":158,"column":15},"end":{"line":158,"column":18}},"loc":{"start":{"line":158,"column":20},"end":{"line":162,"column":9}}}},"branchMap":{"0":{"loc":{"start":{"line":26,"column":12},"end":{"line":28,"column":null}},"type":"if","locations":[{"start":{"line":26,"column":12},"end":{"line":28,"column":null}}]},"1":{"loc":{"start":{"line":47,"column":12},"end":{"line":55,"column":null}},"type":"if","locations":[{"start":{"line":47,"column":12},"end":{"line":55,"column":null}},{"start":{"line":53,"column":19},"end":{"line":55,"column":null}}]},"2":{"loc":{"start":{"line":63,"column":12},"end":{"line":65,"column":null}},"type":"if","locations":[{"start":{"line":63,"column":12},"end":{"line":65,"column":null}}]},"3":{"loc":{"start":{"line":86,"column":12},"end":{"line":88,"column":null}},"type":"if","locations":[{"start":{"line":86,"column":12},"end":{"line":88,"column":null}}]},"4":{"loc":{"start":{"line":96,"column":8},"end":{"line":98,"column":null}},"type":"if","locations":[{"start":{"line":96,"column":8},"end":{"line":98,"column":null}}]},"5":{"loc":{"start":{"line":105,"column":8},"end":{"line":107,"column":null}},"type":"if","locations":[{"start":{"line":105,"column":8},"end":{"line":107,"column":null}}]},"6":{"loc":{"start":{"line":125,"column":16},"end":{"line":127,"column":null}},"type":"if","locations":[{"start":{"line":125,"column":16},"end":{"line":127,"column":null}}]},"7":{"loc":{"start":{"line":130,"column":12},"end":{"line":132,"column":null}},"type":"if","locations":[{"start":{"line":130,"column":12},"end":{"line":132,"column":null}}]},"8":{"loc":{"start":{"line":166,"column":16},"end":{"line":168,"column":null}},"type":"if","locations":[{"start":{"line":166,"column":16},"end":{"line":168,"column":null}}]}},"s":{"0":4,"1":4,"2":4,"3":4,"4":4,"5":4,"6":4,"7":4,"8":4,"9":9,"10":9,"11":51,"12":10,"13":9,"14":27,"15":27,"16":27,"17":26,"18":25,"19":1,"20":1,"21":8,"22":8,"23":8,"24":1,"25":7,"26":7,"27":7,"28":5,"29":5,"30":5,"31":5,"32":5,"33":2,"34":2,"35":2,"36":88,"37":145,"38":74,"39":14,"40":30,"41":30,"42":29,"43":1,"44":14,"45":14,"46":12,"47":2,"48":5,"49":5,"50":5,"51":23,"52":23,"53":23,"54":24,"55":2,"56":23,"57":21,"58":5,"59":2,"60":3,"61":3,"62":6,"63":3,"64":1,"65":1,"66":1,"67":1,"68":1,"69":2,"70":4,"71":2,"72":4},"f":{"0":4,"1":51,"2":10,"3":9,"4":27,"5":27,"6":25,"7":1,"8":8,"9":8,"10":7,"11":5,"12":5,"13":2,"14":2,"15":88,"16":30,"17":14,"18":5,"19":5,"20":2,"21":3,"22":1,"23":1},"b":{"0":[9],"1":[26,1],"2":[1],"3":[74],"4":[29],"5":[12],"6":[2],"7":[21],"8":[2]}}
,"/srv/src/mobx-intl-provider.tsx": {"path":"/srv/src/mobx-intl-provider.tsx","statementMap":{"0":{"start":{"line":1,"column":0},"end":{"line":1,"column":30}},"1":{"start":{"line":2,"column":0},"end":{"line":2,"column":41}},"2":{"start":{"line":3,"column":0},"end":{"line":3,"column":37}},"3":{"start":{"line":4,"column":0},"end":{"line":4,"column":44}},"4":{"start":{"line":5,"column":0},"end":{"line":5,"column":42}},"5":{"start":{"line":6,"column":0},"end":{"line":6,"column":46}},"6":{"start":{"line":20,"column":8},"end":{"line":20,"column":null}},"7":{"start":{"line":22,"column":8},"end":{"line":22,"column":null}},"8":{"start":{"line":27,"column":25},"end":{"line":27,"column":35}},"9":{"start":{"line":29,"column":8},"end":{"line":31,"column":null}},"10":{"start":{"line":30,"column":12},"end":{"line":30,"column":null}},"11":{"start":{"line":33,"column":8},"end":{"line":43,"column":null}},"12":{"start":{"line":15,"column":0},"end":{"line":15,"column":13}},"13":{"start":{"line":47,"column":0},"end":{"line":47,"column":null}}},"fnMap":{"0":{"name":"(anonymous_7)","decl":{"start":{"line":19,"column":4},"end":{"line":19,"column":16}},"loc":{"start":{"line":19,"column":28},"end":{"line":23,"column":5}}},"1":{"name":"(anonymous_8)","decl":{"start":{"line":25,"column":4},"end":{"line":25,"column":10}},"loc":{"start":{"line":25,"column":10},"end":{"line":44,"column":5}}},"2":{"name":"(anonymous_9)","decl":{"start":{"line":37,"column":71},"end":{"line":37,"column":74}},"loc":{"start":{"line":37,"column":76},"end":{"line":37,"column":95}}}},"branchMap":{"0":{"loc":{"start":{"line":29,"column":8},"end":{"line":31,"column":null}},"type":"if","locations":[{"start":{"line":29,"column":8},"end":{"line":31,"column":null}}]},"1":{"loc":{"start":{"line":35,"column":24},"end":{"line":35,"column":70}},"type":"cond-expr","locations":[{"start":{"line":35,"column":45},"end":{"line":35,"column":63}},{"start":{"line":35,"column":66},"end":{"line":35,"column":70}}]},"2":{"loc":{"start":{"line":36,"column":26},"end":{"line":36,"column":89}},"type":"cond-expr","locations":[{"start":{"line":36,"column":64},"end":{"line":36,"column":84}},{"start":{"line":36,"column":87},"end":{"line":36,"column":89}}]},"3":{"loc":{"start":{"line":36,"column":26},"end":{"line":36,"column":61}},"type":"binary-expr","locations":[{"start":{"line":36,"column":26},"end":{"line":36,"column":37}},{"start":{"line":36,"column":41},"end":{"line":36,"column":61}}]},"4":{"loc":{"start":{"line":37,"column":26},"end":{"line":37,"column":107}},"type":"cond-expr","locations":[{"start":{"line":37,"column":71},"end":{"line":37,"column":95}},{"start":{"line":37,"column":98},"end":{"line":37,"column":107}}]}},"s":{"0":4,"1":4,"2":4,"3":4,"4":4,"5":4,"6":0,"7":0,"8":0,"9":0,"10":0,"11":0,"12":4,"13":4},"f":{"0":0,"1":0,"2":0},"b":{"0":[0],"1":[0,0],"2":[0,0],"3":[0,0],"4":[0,0]}}
,"/srv/src/multiple-catalog.ts": {"path":"/srv/src/multiple-catalog.ts","statementMap":{"0":{"start":{"line":1,"column":0},"end":{"line":1,"column":109}},"1":{"start":{"line":2,"column":0},"end":{"line":2,"column":73}},"2":{"start":{"line":8,"column":33},"end":{"line":8,"column":38}},"3":{"start":{"line":11,"column":8},"end":{"line":20,"column":null}},"4":{"start":{"line":22,"column":8},"end":{"line":22,"column":null}},"5":{"start":{"line":23,"column":8},"end":{"line":23,"column":null}},"6":{"start":{"line":25,"column":8},"end":{"line":25,"column":null}},"7":{"start":{"line":29,"column":8},"end":{"line":53,"column":null}},"8":{"start":{"line":30,"column":12},"end":{"line":52,"column":null}},"9":{"start":{"line":31,"column":16},"end":{"line":31,"column":null}},"10":{"start":{"line":33,"column":16},"end":{"line":43,"column":null}},"11":{"start":{"line":34,"column":20},"end":{"line":40,"column":null}},"12":{"start":{"line":35,"column":24},"end":{"line":35,"column":null}},"13":{"start":{"line":36,"column":24},"end":{"line":36,"column":null}},"14":{"start":{"line":38,"column":24},"end":{"line":38,"column":null}},"15":{"start":{"line":39,"column":24},"end":{"line":39,"column":null}},"16":{"start":{"line":42,"column":20},"end":{"line":42,"column":null}},"17":{"start":{"line":45,"column":16},"end":{"line":45,"column":null}},"18":{"start":{"line":47,"column":16},"end":{"line":49,"column":null}},"19":{"start":{"line":48,"column":20},"end":{"line":48,"column":null}},"20":{"start":{"line":51,"column":16},"end":{"line":51,"column":null}},"21":{"start":{"line":57,"column":36},"end":{"line":57,"column":38}},"22":{"start":{"line":59,"column":8},"end":{"line":63,"column":null}},"23":{"start":{"line":60,"column":12},"end":{"line":62,"column":null}},"24":{"start":{"line":61,"column":16},"end":{"line":61,"column":null}},"25":{"start":{"line":65,"column":8},"end":{"line":65,"column":null}},"26":{"start":{"line":69,"column":8},"end":{"line":69,"column":null}},"27":{"start":{"line":73,"column":40},"end":{"line":73,"column":42}},"28":{"start":{"line":75,"column":8},"end":{"line":77,"column":null}},"29":{"start":{"line":76,"column":12},"end":{"line":76,"column":null}},"30":{"start":{"line":79,"column":8},"end":{"line":79,"column":null}},"31":{"start":{"line":83,"column":32},"end":{"line":83,"column":34}},"32":{"start":{"line":85,"column":8},"end":{"line":87,"column":null}},"33":{"start":{"line":86,"column":12},"end":{"line":86,"column":null}},"34":{"start":{"line":89,"column":8},"end":{"line":89,"column":null}},"35":{"start":{"line":89,"column":47},"end":{"line":89,"column":78}},"36":{"start":{"line":93,"column":8},"end":{"line":93,"column":null}},"37":{"start":{"line":97,"column":8},"end":{"line":123,"column":null}},"38":{"start":{"line":98,"column":12},"end":{"line":98,"column":null}},"39":{"start":{"line":99,"column":12},"end":{"line":122,"column":null}},"40":{"start":{"line":100,"column":51},"end":{"line":100,"column":53}},"41":{"start":{"line":101,"column":16},"end":{"line":103,"column":null}},"42":{"start":{"line":102,"column":20},"end":{"line":102,"column":null}},"43":{"start":{"line":104,"column":16},"end":{"line":108,"column":null}},"44":{"start":{"line":105,"column":20},"end":{"line":107,"column":null}},"45":{"start":{"line":106,"column":24},"end":{"line":106,"column":null}},"46":{"start":{"line":110,"column":16},"end":{"line":116,"column":null}},"47":{"start":{"line":111,"column":20},"end":{"line":111,"column":null}},"48":{"start":{"line":112,"column":20},"end":{"line":112,"column":null}},"49":{"start":{"line":114,"column":20},"end":{"line":114,"column":null}},"50":{"start":{"line":115,"column":20},"end":{"line":115,"column":null}},"51":{"start":{"line":118,"column":16},"end":{"line":120,"column":null}},"52":{"start":{"line":119,"column":20},"end":{"line":119,"column":null}},"53":{"start":{"line":121,"column":16},"end":{"line":121,"column":null}},"54":{"start":{"line":127,"column":8},"end":{"line":129,"column":null}},"55":{"start":{"line":128,"column":12},"end":{"line":128,"column":null}},"56":{"start":{"line":131,"column":8},"end":{"line":136,"column":null}},"57":{"start":{"line":132,"column":12},"end":{"line":135,"column":null}},"58":{"start":{"line":133,"column":16},"end":{"line":133,"column":null}},"59":{"start":{"line":134,"column":16},"end":{"line":134,"column":22}},"60":{"start":{"line":138,"column":8},"end":{"line":138,"column":null}},"61":{"start":{"line":142,"column":21},"end":{"line":145,"column":10}},"62":{"start":{"line":147,"column":8},"end":{"line":149,"column":null}},"63":{"start":{"line":148,"column":12},"end":{"line":148,"column":46}},"64":{"start":{"line":151,"column":8},"end":{"line":151,"column":20}},"65":{"start":{"line":155,"column":8},"end":{"line":157,"column":null}},"66":{"start":{"line":156,"column":12},"end":{"line":156,"column":null}},"67":{"start":{"line":159,"column":8},"end":{"line":163,"column":null}},"68":{"start":{"line":159,"column":21},"end":{"line":159,"column":22}},"69":{"start":{"line":160,"column":12},"end":{"line":162,"column":null}},"70":{"start":{"line":161,"column":16},"end":{"line":161,"column":null}},"71":{"start":{"line":164,"column":8},"end":{"line":164,"column":null}},"72":{"start":{"line":4,"column":0},"end":{"line":4,"column":13}}},"fnMap":{"0":{"name":"(anonymous_0)","decl":{"start":{"line":10,"column":4},"end":{"line":10,"column":17}},"loc":{"start":{"line":10,"column":31},"end":{"line":26,"column":5}}},"1":{"name":"(anonymous_1)","decl":{"start":{"line":28,"column":4},"end":{"line":28,"column":14}},"loc":{"start":{"line":28,"column":32},"end":{"line":54,"column":5}}},"2":{"name":"(anonymous_2)","decl":{"start":{"line":29,"column":33},"end":{"line":29,"column":34}},"loc":{"start":{"line":29,"column":53},"end":{"line":53,"column":9}}},"3":{"name":"(anonymous_3)","decl":{"start":{"line":34,"column":43},"end":{"line":34,"column":46}},"loc":{"start":{"line":34,"column":48},"end":{"line":37,"column":21}}},"4":{"name":"(anonymous_4)","decl":{"start":{"line":37,"column":29},"end":{"line":37,"column":32}},"loc":{"start":{"line":37,"column":34},"end":{"line":40,"column":21}}},"5":{"name":"(anonymous_5)","decl":{"start":{"line":56,"column":4},"end":{"line":56,"column":23}},"loc":{"start":{"line":56,"column":39},"end":{"line":66,"column":5}}},"6":{"name":"(anonymous_6)","decl":{"start":{"line":68,"column":4},"end":{"line":68,"column":8}},"loc":{"start":{"line":68,"column":14},"end":{"line":70,"column":5}}},"7":{"name":"(anonymous_7)","decl":{"start":{"line":72,"column":4},"end":{"line":72,"column":8}},"loc":{"start":{"line":72,"column":16},"end":{"line":80,"column":5}}},"8":{"name":"(anonymous_8)","decl":{"start":{"line":82,"column":4},"end":{"line":82,"column":8}},"loc":{"start":{"line":82,"column":15},"end":{"line":90,"column":5}}},"9":{"name":"(anonymous_9)","decl":{"start":{"line":89,"column":30},"end":{"line":89,"column":31}},"loc":{"start":{"line":89,"column":47},"end":{"line":89,"column":78}}},"10":{"name":"(anonymous_10)","decl":{"start":{"line":92,"column":4},"end":{"line":92,"column":13}},"loc":{"start":{"line":92,"column":29},"end":{"line":94,"column":5}}},"11":{"name":"(anonymous_11)","decl":{"start":{"line":96,"column":4},"end":{"line":96,"column":11}},"loc":{"start":{"line":96,"column":11},"end":{"line":124,"column":5}}},"12":{"name":"(anonymous_12)","decl":{"start":{"line":97,"column":33},"end":{"line":97,"column":34}},"loc":{"start":{"line":97,"column":53},"end":{"line":123,"column":9}}},"13":{"name":"(anonymous_13)","decl":{"start":{"line":101,"column":23},"end":{"line":101,"column":26}},"loc":{"start":{"line":101,"column":28},"end":{"line":103,"column":17}}},"14":{"name":"(anonymous_14)","decl":{"start":{"line":110,"column":43},"end":{"line":110,"column":46}},"loc":{"start":{"line":110,"column":48},"end":{"line":113,"column":17}}},"15":{"name":"(anonymous_15)","decl":{"start":{"line":113,"column":25},"end":{"line":113,"column":28}},"loc":{"start":{"line":113,"column":30},"end":{"line":116,"column":17}}},"16":{"name":"(anonymous_16)","decl":{"start":{"line":118,"column":23},"end":{"line":118,"column":26}},"loc":{"start":{"line":118,"column":28},"end":{"line":120,"column":17}}},"17":{"name":"(anonymous_17)","decl":{"start":{"line":126,"column":12},"end":{"line":126,"column":25}},"loc":{"start":{"line":126,"column":25},"end":{"line":139,"column":5}}},"18":{"name":"(anonymous_18)","decl":{"start":{"line":141,"column":4},"end":{"line":141,"column":13}},"loc":{"start":{"line":141,"column":13},"end":{"line":152,"column":5}}},"19":{"name":"(anonymous_19)","decl":{"start":{"line":154,"column":4},"end":{"line":154,"column":15}},"loc":{"start":{"line":154,"column":47},"end":{"line":165,"column":5}}},"20":{"name":"(anonymous_20)","decl":{"start":{"line":155,"column":15},"end":{"line":155,"column":18}},"loc":{"start":{"line":155,"column":20},"end":{"line":157,"column":9}}}},"branchMap":{"0":{"loc":{"start":{"line":30,"column":12},"end":{"line":52,"column":null}},"type":"if","locations":[{"start":{"line":30,"column":12},"end":{"line":52,"column":null}},{"start":{"line":50,"column":19},"end":{"line":52,"column":null}}]},"1":{"loc":{"start":{"line":33,"column":16},"end":{"line":43,"column":null}},"type":"if","locations":[{"start":{"line":33,"column":16},"end":{"line":43,"column":null}},{"start":{"line":41,"column":23},"end":{"line":43,"column":null}}]},"2":{"loc":{"start":{"line":47,"column":16},"end":{"line":49,"column":null}},"type":"if","locations":[{"start":{"line":47,"column":16},"end":{"line":49,"column":null}}]},"3":{"loc":{"start":{"line":60,"column":12},"end":{"line":62,"column":null}},"type":"if","locations":[{"start":{"line":60,"column":12},"end":{"line":62,"column":null}}]},"4":{"loc":{"start":{"line":99,"column":12},"end":{"line":122,"column":null}},"type":"if","locations":[{"start":{"line":99,"column":12},"end":{"line":122,"column":null}},{"start":{"line":117,"column":19},"end":{"line":122,"column":null}}]},"5":{"loc":{"start":{"line":105,"column":20},"end":{"line":107,"column":null}},"type":"if","locations":[{"start":{"line":105,"column":20},"end":{"line":107,"column":null}}]},"6":{"loc":{"start":{"line":127,"column":8},"end":{"line":129,"column":null}},"type":"if","locations":[{"start":{"line":127,"column":8},"end":{"line":129,"column":null}}]},"7":{"loc":{"start":{"line":132,"column":12},"end":{"line":135,"column":null}},"type":"if","locations":[{"start":{"line":132,"column":12},"end":{"line":135,"column":null}}]},"8":{"loc":{"start":{"line":160,"column":12},"end":{"line":162,"column":null}},"type":"if","locations":[{"start":{"line":160,"column":12},"end":{"line":162,"column":null}}]}},"s":{"0":4,"1":4,"2":16,"3":16,"4":16,"5":16,"6":16,"7":39,"8":39,"9":38,"10":38,"11":6,"12":4,"13":4,"14":2,"15":2,"16":32,"17":38,"18":38,"19":1,"20":1,"21":31,"22":31,"23":140,"24":33,"25":31,"26":161,"27":11,"28":11,"29":24,"30":11,"31":17,"32":17,"33":52,"34":17,"35":52,"36":2,"37":13,"38":13,"39":13,"40":11,"41":11,"42":11,"43":11,"44":24,"45":9,"46":11,"47":7,"48":7,"49":4,"50":4,"51":2,"52":2,"53":2,"54":59,"55":36,"56":23,"57":52,"58":13,"59":13,"60":10,"61":8,"62":8,"63":25,"64":8,"65":4,"66":4,"67":4,"68":4,"69":11,"70":11,"71":4,"72":4},"f":{"0":16,"1":39,"2":39,"3":4,"4":2,"5":31,"6":161,"7":11,"8":17,"9":52,"10":2,"11":13,"12":13,"13":11,"14":7,"15":4,"16":2,"17":59,"18":8,"19":4,"20":4},"b":{"0":[38,1],"1":[6,32],"2":[1],"3":[33],"4":[11,2],"5":[9],"6":[36],"7":[13],"8":[11]}}
,"/srv/src/remote-catalog.ts": {"path":"/srv/src/remote-catalog.ts","statementMap":{"0":{"start":{"line":2,"column":0},"end":{"line":2,"column":45}},"1":{"start":{"line":3,"column":0},"end":{"line":3,"column":63}},"2":{"start":{"line":4,"column":0},"end":{"line":4,"column":52}},"3":{"start":{"line":7,"column":35},"end":{"line":7,"column":44}},"4":{"start":{"line":8,"column":39},"end":{"line":8,"column":41}},"5":{"start":{"line":12,"column":8},"end":{"line":12,"column":null}},"6":{"start":{"line":14,"column":8},"end":{"line":18,"column":null}},"7":{"start":{"line":20,"column":8},"end":{"line":20,"column":null}},"8":{"start":{"line":24,"column":8},"end":{"line":50,"column":null}},"9":{"start":{"line":25,"column":12},"end":{"line":49,"column":null}},"10":{"start":{"line":26,"column":31},"end":{"line":26,"column":56}},"11":{"start":{"line":28,"column":16},"end":{"line":42,"column":null}},"12":{"start":{"line":28,"column":27},"end":{"line":28,"column":80}},"13":{"start":{"line":29,"column":20},"end":{"line":41,"column":null}},"14":{"start":{"line":30,"column":24},"end":{"line":30,"column":null}},"15":{"start":{"line":32,"column":24},"end":{"line":34,"column":null}},"16":{"start":{"line":33,"column":28},"end":{"line":33,"column":null}},"17":{"start":{"line":35,"column":24},"end":{"line":35,"column":null}},"18":{"start":{"line":37,"column":24},"end":{"line":39,"column":null}},"19":{"start":{"line":38,"column":28},"end":{"line":38,"column":null}},"20":{"start":{"line":40,"column":24},"end":{"line":40,"column":null}},"21":{"start":{"line":44,"column":16},"end":{"line":46,"column":null}},"22":{"start":{"line":45,"column":20},"end":{"line":45,"column":null}},"23":{"start":{"line":48,"column":16},"end":{"line":48,"column":null}},"24":{"start":{"line":54,"column":8},"end":{"line":58,"column":null}},"25":{"start":{"line":55,"column":12},"end":{"line":57,"column":null}},"26":{"start":{"line":60,"column":8},"end":{"line":60,"column":null}},"27":{"start":{"line":64,"column":8},"end":{"line":69,"column":null}},"28":{"start":{"line":65,"column":12},"end":{"line":68,"column":null}},"29":{"start":{"line":66,"column":16},"end":{"line":66,"column":null}},"30":{"start":{"line":67,"column":16},"end":{"line":67,"column":null}},"31":{"start":{"line":6,"column":0},"end":{"line":6,"column":13}}},"fnMap":{"0":{"name":"(anonymous_0)","decl":{"start":{"line":11,"column":4},"end":{"line":11,"column":17}},"loc":{"start":{"line":11,"column":77},"end":{"line":21,"column":5}}},"1":{"name":"(anonymous_1)","decl":{"start":{"line":23,"column":4},"end":{"line":23,"column":11}},"loc":{"start":{"line":23,"column":11},"end":{"line":51,"column":5}}},"2":{"name":"(anonymous_2)","decl":{"start":{"line":24,"column":33},"end":{"line":24,"column":34}},"loc":{"start":{"line":24,"column":53},"end":{"line":50,"column":9}}},"3":{"name":"(anonymous_3)","decl":{"start":{"line":28,"column":21},"end":{"line":28,"column":24}},"loc":{"start":{"line":28,"column":27},"end":{"line":28,"column":80}}},"4":{"name":"(anonymous_4)","decl":{"start":{"line":28,"column":94},"end":{"line":28,"column":97}},"loc":{"start":{"line":28,"column":99},"end":{"line":42,"column":17}}},"5":{"name":"(anonymous_5)","decl":{"start":{"line":32,"column":31},"end":{"line":32,"column":34}},"loc":{"start":{"line":32,"column":36},"end":{"line":34,"column":25}}},"6":{"name":"(anonymous_6)","decl":{"start":{"line":37,"column":31},"end":{"line":37,"column":34}},"loc":{"start":{"line":37,"column":36},"end":{"line":39,"column":25}}},"7":{"name":"(anonymous_7)","decl":{"start":{"line":44,"column":23},"end":{"line":44,"column":26}},"loc":{"start":{"line":44,"column":28},"end":{"line":46,"column":17}}},"8":{"name":"(anonymous_8)","decl":{"start":{"line":53,"column":4},"end":{"line":53,"column":13}},"loc":{"start":{"line":53,"column":13},"end":{"line":61,"column":5}}},"9":{"name":"(anonymous_9)","decl":{"start":{"line":63,"column":4},"end":{"line":63,"column":15}},"loc":{"start":{"line":63,"column":45},"end":{"line":70,"column":5}}},"10":{"name":"(anonymous_10)","decl":{"start":{"line":64,"column":15},"end":{"line":64,"column":18}},"loc":{"start":{"line":64,"column":20},"end":{"line":69,"column":9}}}},"branchMap":{"0":{"loc":{"start":{"line":11,"column":46},"end":{"line":11,"column":77}},"type":"default-arg","locations":[{"start":{"line":11,"column":66},"end":{"line":11,"column":77}}]},"1":{"loc":{"start":{"line":25,"column":12},"end":{"line":49,"column":null}},"type":"if","locations":[{"start":{"line":25,"column":12},"end":{"line":49,"column":null}},{"start":{"line":47,"column":19},"end":{"line":49,"column":null}}]},"2":{"loc":{"start":{"line":28,"column":27},"end":{"line":28,"column":80}},"type":"binary-expr","locations":[{"start":{"line":28,"column":27},"end":{"line":28,"column":51}},{"start":{"line":28,"column":55},"end":{"line":28,"column":80}}]},"3":{"loc":{"start":{"line":29,"column":20},"end":{"line":41,"column":null}},"type":"if","locations":[{"start":{"line":29,"column":20},"end":{"line":41,"column":null}},{"start":{"line":36,"column":27},"end":{"line":41,"column":null}}]},"4":{"loc":{"start":{"line":54,"column":8},"end":{"line":58,"column":null}},"type":"if","locations":[{"start":{"line":54,"column":8},"end":{"line":58,"column":null}}]},"5":{"loc":{"start":{"line":65,"column":12},"end":{"line":68,"column":null}},"type":"if","locations":[{"start":{"line":65,"column":12},"end":{"line":68,"column":null}}]}},"s":{"0":4,"1":4,"2":4,"3":19,"4":19,"5":19,"6":19,"7":19,"8":17,"9":17,"10":15,"11":15,"12":30,"13":15,"14":9,"15":9,"16":9,"17":9,"18":6,"19":6,"20":6,"21":15,"22":15,"23":2,"24":10,"25":4,"26":6,"27":5,"28":5,"29":3,"30":3,"31":4},"f":{"0":19,"1":17,"2":17,"3":30,"4":15,"5":9,"6":6,"7":15,"8":10,"9":5,"10":5},"b":{"0":[8],"1":[15,2],"2":[30,21],"3":[9,6],"4":[4],"5":[3]}}
,"/srv/src/simple-catalog.ts": {"path":"/srv/src/simple-catalog.ts","statementMap":{"0":{"start":{"line":2,"column":0},"end":{"line":2,"column":52}},"1":{"start":{"line":8,"column":8},"end":{"line":8,"column":null}},"2":{"start":{"line":9,"column":8},"end":{"line":9,"column":null}},"3":{"start":{"line":13,"column":8},"end":{"line":13,"column":null}},"4":{"start":{"line":17,"column":8},"end":{"line":17,"column":null}},"5":{"start":{"line":21,"column":8},"end":{"line":21,"column":null}},"6":{"start":{"line":4,"column":0},"end":{"line":4,"column":13}}},"fnMap":{"0":{"name":"(anonymous_0)","decl":{"start":{"line":7,"column":4},"end":{"line":7,"column":17}},"loc":{"start":{"line":7,"column":91},"end":{"line":10,"column":5}}},"1":{"name":"(anonymous_1)","decl":{"start":{"line":12,"column":4},"end":{"line":12,"column":8}},"loc":{"start":{"line":12,"column":16},"end":{"line":14,"column":5}}},"2":{"name":"(anonymous_2)","decl":{"start":{"line":16,"column":4},"end":{"line":16,"column":8}},"loc":{"start":{"line":16,"column":14},"end":{"line":18,"column":5}}},"3":{"name":"(anonymous_3)","decl":{"start":{"line":20,"column":4},"end":{"line":20,"column":11}},"loc":{"start":{"line":20,"column":11},"end":{"line":22,"column":5}}}},"branchMap":{"0":{"loc":{"start":{"line":7,"column":60},"end":{"line":7,"column":91}},"type":"default-arg","locations":[{"start":{"line":7,"column":80},"end":{"line":7,"column":91}}]}},"s":{"0":4,"1":27,"2":27,"3":16,"4":62,"5":3,"6":4},"f":{"0":27,"1":16,"2":62,"3":3},"b":{"0":[14]}}
,"/srv/test/server.ts": {"path":"/srv/test/server.ts","statementMap":{"0":{"start":{"line":1,"column":0},"end":{"line":1,"column":29}},"1":{"start":{"line":3,"column":12},"end":{"line":3,"column":21}},"2":{"start":{"line":5,"column":0},"end":{"line":7,"column":null}},"3":{"start":{"line":6,"column":4},"end":{"line":6,"column":null}},"4":{"start":{"line":9,"column":0},"end":{"line":11,"column":null}},"5":{"start":{"line":10,"column":4},"end":{"line":10,"column":null}},"6":{"start":{"line":13,"column":0},"end":{"line":15,"column":null}},"7":{"start":{"line":14,"column":4},"end":{"line":14,"column":null}},"8":{"start":{"line":17,"column":0},"end":{"line":19,"column":null}},"9":{"start":{"line":18,"column":4},"end":{"line":18,"column":null}},"10":{"start":{"line":21,"column":0},"end":{"line":21,"column":null}}},"fnMap":{"0":{"name":"(anonymous_1)","decl":{"start":{"line":5,"column":20},"end":{"line":5,"column":21}},"loc":{"start":{"line":5,"column":43},"end":{"line":7,"column":1}}},"1":{"name":"(anonymous_2)","decl":{"start":{"line":9,"column":16},"end":{"line":9,"column":17}},"loc":{"start":{"line":9,"column":39},"end":{"line":11,"column":1}}},"2":{"name":"(anonymous_3)","decl":{"start":{"line":13,"column":24},"end":{"line":13,"column":25}},"loc":{"start":{"line":13,"column":47},"end":{"line":15,"column":1}}},"3":{"name":"(anonymous_4)","decl":{"start":{"line":17,"column":24},"end":{"line":17,"column":25}},"loc":{"start":{"line":17,"column":47},"end":{"line":19,"column":1}}}},"branchMap":{},"s":{"0":3,"1":3,"2":3,"3":4,"4":3,"5":6,"6":3,"7":2,"8":3,"9":3,"10":3},"f":{"0":4,"1":6,"2":2,"3":3},"b":{}}
}
