TN:
SF:src/abstract-catalog.ts
FN:7,(anonymous_0)
FN:12,(anonymous_1)
FN:16,(anonymous_2)
FN:20,(anonymous_3)
FN:30,(anonymous_4)
FN:34,(anonymous_5)
FNF:6
FNH:6
FNDA:46,(anonymous_0)
FNDA:71,(anonymous_1)
FNDA:197,(anonymous_2)
FNDA:144,(anonymous_3)
FNDA:18,(anonymous_4)
FNDA:7,(anonymous_5)
DA:3,4
DA:8,46
DA:9,46
DA:13,71
DA:17,197
DA:21,144
DA:31,18
LF:7
LH:7
BRDA:7,0,0,0
BRF:1
BRH:0
end_of_record
TN:
SF:src/catalog-awaiter.tsx
FN:18,(anonymous_6)
FN:24,(anonymous_7)
FN:42,(anonymous_8)
FNF:3
FNH:0
FNDA:0,(anonymous_6)
FNDA:0,(anonymous_7)
FNDA:0,(anonymous_8)
DA:1,4
DA:2,4
DA:3,4
DA:4,4
DA:14,4
DA:19,0
DA:21,0
DA:25,0
DA:26,0
DA:28,0
DA:29,0
DA:30,0
DA:35,0
DA:43,0
DA:44,0
DA:47,0
DA:51,4
LF:17
LH:6
BRDA:25,0,0,0
BRDA:26,1,0,0
BRDA:26,1,1,0
BRDA:29,2,0,0
BRDA:43,3,0,0
BRF:5
BRH:0
end_of_record
TN:
SF:src/catalog.ts
FNF:0
FNH:0
DA:20,4
DA:21,4
DA:22,4
DA:23,4
LF:4
LH:4
BRF:0
BRH:0
end_of_record
TN:
SF:src/index.ts
FN:14,(anonymous_7)
FN:16,(anonymous_8)
FN:17,(anonymous_9)
FN:18,(anonymous_10)
FNF:4
FNH:4
FNDA:4,(anonymous_7)
FNDA:7,(anonymous_8)
FNDA:19,(anonymous_9)
FNDA:27,(anonymous_10)
DA:1,4
DA:3,4
DA:4,4
DA:5,4
DA:6,4
DA:7,4
DA:8,4
DA:12,4
DA:13,4
DA:14,8
DA:15,4
DA:16,11
DA:17,23
DA:18,31
LF:14
LH:14
BRF:0
BRH:0
end_of_record
TN:
SF:src/locale-store.ts
FN:13,(anonymous_0)
FN:32,(anonymous_1)
FN:36,(anonymous_2)
FN:40,(anonymous_3)
FN:44,(anonymous_4)
FN:45,(anonymous_5)
FN:48,(anonymous_6)
FN:50,(anonymous_7)
FN:59,(anonymous_8)
FN:60,(anonymous_9)
FN:67,(anonymous_10)
FN:69,(anonymous_11)
FN:70,(anonymous_12)
FN:77,(anonymous_13)
FN:78,(anonymous_14)
FN:84,(anonymous_15)
FN:94,(anonymous_16)
FN:103,(anonymous_17)
FN:112,(anonymous_18)
FN:116,(anonymous_19)
FN:138,(anonymous_20)
FN:142,(anonymous_21)
FN:157,(anonymous_22)
FN:158,(anonymous_23)
FNF:24
FNH:24
FNDA:4,(anonymous_0)
FNDA:51,(anonymous_1)
FNDA:10,(anonymous_2)
FNDA:9,(anonymous_3)
FNDA:27,(anonymous_4)
FNDA:27,(anonymous_5)
FNDA:25,(anonymous_6)
FNDA:1,(anonymous_7)
FNDA:8,(anonymous_8)
FNDA:8,(anonymous_9)
FNDA:7,(anonymous_10)
FNDA:5,(anonymous_11)
FNDA:5,(anonymous_12)
FNDA:2,(anonymous_13)
FNDA:2,(anonymous_14)
FNDA:88,(anonymous_15)
FNDA:30,(anonymous_16)
FNDA:14,(anonymous_17)
FNDA:5,(anonymous_18)
FNDA:5,(anonymous_19)
FNDA:2,(anonymous_20)
FNDA:3,(anonymous_21)
FNDA:1,(anonymous_22)
FNDA:1,(anonymous_23)
DA:2,4
DA:3,4
DA:4,4
DA:6,4
DA:7,4
DA:8,4
DA:9,4
DA:11,4
DA:14,4
DA:25,4
DA:26,9
DA:27,9
DA:33,51
DA:37,10
DA:41,9
DA:45,27
DA:46,27
DA:47,27
DA:48,26
DA:49,25
DA:51,1
DA:54,1
DA:60,8
DA:61,8
DA:63,8
DA:64,1
DA:67,7
DA:69,7
DA:70,5
DA:71,5
DA:72,5
DA:73,5
DA:76,5
DA:78,2
DA:79,2
DA:85,88
DA:86,145
DA:87,74
DA:91,14
DA:95,30
DA:96,30
DA:97,29
DA:100,1
DA:104,14
DA:105,14
DA:106,12
DA:109,2
DA:113,5
DA:117,5
DA:119,5
DA:120,23
DA:122,23
DA:124,23
DA:125,24
DA:126,2
DA:130,23
DA:131,21
DA:135,5
DA:139,2
DA:143,3
DA:150,3
DA:151,6
DA:154,3
DA:158,1
DA:159,1
DA:160,1
DA:161,1
DA:164,1
DA:165,2
DA:166,4
DA:167,2
LF:71
LH:71
BRDA:26,0,0,9
BRDA:47,1,0,26
BRDA:47,1,1,1
BRDA:63,2,0,1
BRDA:86,3,0,74
BRDA:96,4,0,29
BRDA:105,5,0,12
BRDA:125,6,0,2
BRDA:130,7,0,21
BRDA:166,8,0,2
BRF:10
BRH:10
end_of_record
TN:
SF:src/mobx-intl-provider.tsx
FN:19,(anonymous_7)
FN:25,(anonymous_8)
FN:37,(anonymous_9)
FNF:3
FNH:0
FNDA:0,(anonymous_7)
FNDA:0,(anonymous_8)
FNDA:0,(anonymous_9)
DA:1,4
DA:2,4
DA:3,4
DA:4,4
DA:5,4
DA:6,4
DA:15,4
DA:20,0
DA:22,0
DA:27,0
DA:29,0
DA:30,0
DA:33,0
DA:47,4
LF:14
LH:8
BRDA:29,0,0,0
BRDA:35,1,0,0
BRDA:35,1,1,0
BRDA:36,2,0,0
BRDA:36,2,1,0
BRDA:36,3,0,0
BRDA:36,3,1,0
BRDA:37,4,0,0
BRDA:37,4,1,0
BRF:9
BRH:0
end_of_record
TN:
SF:src/multiple-catalog.ts
FN:10,(anonymous_0)
FN:28,(anonymous_1)
FN:29,(anonymous_2)
FN:34,(anonymous_3)
FN:37,(anonymous_4)
FN:56,(anonymous_5)
FN:68,(anonymous_6)
FN:72,(anonymous_7)
FN:82,(anonymous_8)
FN:89,(anonymous_9)
FN:92,(anonymous_10)
FN:96,(anonymous_11)
FN:97,(anonymous_12)
FN:101,(anonymous_13)
FN:110,(anonymous_14)
FN:113,(anonymous_15)
FN:118,(anonymous_16)
FN:126,(anonymous_17)
FN:141,(anonymous_18)
FN:154,(anonymous_19)
FN:155,(anonymous_20)
FNF:21
FNH:21
FNDA:16,(anonymous_0)
FNDA:39,(anonymous_1)
FNDA:39,(anonymous_2)
FNDA:4,(anonymous_3)
FNDA:2,(anonymous_4)
FNDA:31,(anonymous_5)
FNDA:161,(anonymous_6)
FNDA:11,(anonymous_7)
FNDA:17,(anonymous_8)
FNDA:52,(anonymous_9)
FNDA:2,(anonymous_10)
FNDA:13,(anonymous_11)
FNDA:13,(anonymous_12)
FNDA:11,(anonymous_13)
FNDA:7,(anonymous_14)
FNDA:4,(anonymous_15)
FNDA:2,(anonymous_16)
FNDA:59,(anonymous_17)
FNDA:8,(anonymous_18)
FNDA:4,(anonymous_19)
FNDA:4,(anonymous_20)
DA:1,4
DA:2,4
DA:4,4
DA:8,16
DA:11,16
DA:22,16
DA:23,16
DA:25,16
DA:29,39
DA:30,39
DA:31,38
DA:33,38
DA:34,6
DA:35,4
DA:36,4
DA:38,2
DA:39,2
DA:42,32
DA:45,38
DA:47,38
DA:48,1
DA:51,1
DA:57,31
DA:59,31
DA:60,140
DA:61,33
DA:65,31
DA:69,161
DA:73,11
DA:75,11
DA:76,24
DA:79,11
DA:83,17
DA:85,17
DA:86,52
DA:89,52
DA:93,2
DA:97,13
DA:98,13
DA:99,13
DA:100,11
DA:101,11
DA:102,11
DA:104,11
DA:105,24
DA:106,9
DA:110,11
DA:111,7
DA:112,7
DA:114,4
DA:115,4
DA:118,2
DA:119,2
DA:121,2
DA:127,59
DA:128,36
DA:131,23
DA:132,52
DA:133,13
DA:134,13
DA:138,10
DA:142,8
DA:147,8
DA:148,25
DA:151,8
DA:155,4
DA:156,4
DA:159,4
DA:160,11
DA:161,11
DA:164,4
LF:71
LH:71
BRDA:30,0,0,38
BRDA:30,0,1,1
BRDA:33,1,0,6
BRDA:33,1,1,32
BRDA:47,2,0,1
BRDA:60,3,0,33
BRDA:99,4,0,11
BRDA:99,4,1,2
BRDA:105,5,0,9
BRDA:127,6,0,36
BRDA:132,7,0,13
BRDA:160,8,0,11
BRF:12
BRH:12
end_of_record
TN:
SF:src/remote-catalog.ts
FN:11,(anonymous_0)
FN:23,(anonymous_1)
FN:24,(anonymous_2)
FN:28,(anonymous_3)
FN:28,(anonymous_4)
FN:32,(anonymous_5)
FN:37,(anonymous_6)
FN:44,(anonymous_7)
FN:53,(anonymous_8)
FN:63,(anonymous_9)
FN:64,(anonymous_10)
FNF:11
FNH:11
FNDA:19,(anonymous_0)
FNDA:17,(anonymous_1)
FNDA:17,(anonymous_2)
FNDA:30,(anonymous_3)
FNDA:15,(anonymous_4)
FNDA:9,(anonymous_5)
FNDA:6,(anonymous_6)
FNDA:15,(anonymous_7)
FNDA:10,(anonymous_8)
FNDA:5,(anonymous_9)
FNDA:5,(anonymous_10)
DA:2,4
DA:3,4
DA:4,4
DA:6,4
DA:7,19
DA:8,19
DA:12,19
DA:14,19
DA:20,19
DA:24,17
DA:25,17
DA:26,15
DA:28,30
DA:29,15
DA:30,9
DA:32,9
DA:33,9
DA:35,9
DA:37,6
DA:38,6
DA:40,6
DA:44,15
DA:45,15
DA:48,2
DA:54,10
DA:55,4
DA:60,6
DA:64,5
DA:65,5
DA:66,3
DA:67,3
LF:31
LH:31
BRDA:11,0,0,8
BRDA:25,1,0,15
BRDA:25,1,1,2
BRDA:28,2,0,30
BRDA:28,2,1,21
BRDA:29,3,0,9
BRDA:29,3,1,6
BRDA:54,4,0,4
BRDA:65,5,0,3
BRF:9
BRH:9
end_of_record
TN:
SF:src/simple-catalog.ts
FN:7,(anonymous_0)
FN:12,(anonymous_1)
FN:16,(anonymous_2)
FN:20,(anonymous_3)
FNF:4
FNH:4
FNDA:27,(anonymous_0)
FNDA:16,(anonymous_1)
FNDA:62,(anonymous_2)
FNDA:3,(anonymous_3)
DA:2,4
DA:4,4
DA:8,27
DA:9,27
DA:13,16
DA:17,62
DA:21,3
LF:7
LH:7
BRDA:7,0,0,14
BRF:1
BRH:1
end_of_record
TN:
SF:test/server.ts
FN:5,(anonymous_1)
FN:9,(anonymous_2)
FN:13,(anonymous_3)
FN:17,(anonymous_4)
FNF:4
FNH:4
FNDA:4,(anonymous_1)
FNDA:6,(anonymous_2)
FNDA:2,(anonymous_3)
FNDA:3,(anonymous_4)
DA:1,3
DA:3,3
DA:5,3
DA:6,4
DA:9,3
DA:10,6
DA:13,3
DA:14,2
DA:17,3
DA:18,3
DA:21,3
LF:11
LH:11
BRF:0
BRH:0
end_of_record
